TN:
SF:index.js
FN:28,(anonymous_0)
FN:29,(anonymous_1)
FN:30,(anonymous_2)
FN:31,(anonymous_3)
FN:37,(anonymous_4)
FN:43,(anonymous_5)
FN:44,(anonymous_6)
FN:50,(anonymous_7)
FN:51,(anonymous_8)
FN:64,(anonymous_9)
FN:67,(anonymous_10)
FN:73,(anonymous_11)
FN:79,(anonymous_12)
FN:85,(anonymous_13)
FN:95,(anonymous_14)
FN:101,(anonymous_15)
FN:107,(anonymous_16)
FN:117,(anonymous_17)
FN:123,(anonymous_18)
FN:133,(anonymous_19)
FN:141,(anonymous_20)
FN:148,(anonymous_21)
FNF:22
FNH:20
FNDA:2,(anonymous_0)
FNDA:2,(anonymous_1)
FNDA:2,(anonymous_2)
FNDA:2,(anonymous_3)
FNDA:2,(anonymous_4)
FNDA:2,(anonymous_5)
FNDA:3,(anonymous_6)
FNDA:2,(anonymous_7)
FNDA:3,(anonymous_8)
FNDA:2,(anonymous_9)
FNDA:2,(anonymous_10)
FNDA:2,(anonymous_11)
FNDA:2,(anonymous_12)
FNDA:2,(anonymous_13)
FNDA:2,(anonymous_14)
FNDA:2,(anonymous_15)
FNDA:3,(anonymous_16)
FNDA:2,(anonymous_17)
FNDA:3,(anonymous_18)
FNDA:2,(anonymous_19)
FNDA:0,(anonymous_20)
FNDA:0,(anonymous_21)
DA:8,1
DA:9,1
DA:11,1
DA:14,1
DA:17,1
DA:19,1
DA:20,1
DA:23,0
DA:24,0
DA:28,2
DA:29,2
DA:30,2
DA:31,1
DA:32,2
DA:33,1
DA:35,1
DA:37,1
DA:38,2
DA:39,1
DA:41,1
DA:43,2
DA:44,1
DA:45,3
DA:46,1
DA:48,2
DA:50,2
DA:51,1
DA:52,3
DA:53,1
DA:55,2
DA:56,1
DA:58,1
DA:59,1
DA:60,5
DA:62,1
DA:64,2
DA:67,1
DA:68,2
DA:69,2
DA:70,2
DA:73,1
DA:74,2
DA:75,2
DA:76,2
DA:79,1
DA:80,2
DA:81,2
DA:82,2
DA:85,1
DA:86,2
DA:87,2
DA:88,2
DA:89,1
DA:91,1
DA:95,1
DA:96,2
DA:97,2
DA:98,2
DA:101,1
DA:102,2
DA:103,2
DA:104,2
DA:107,1
DA:108,3
DA:109,3
DA:110,3
DA:111,2
DA:113,1
DA:117,1
DA:118,2
DA:119,2
DA:120,2
DA:123,1
DA:124,3
DA:125,3
DA:126,3
DA:127,2
DA:129,1
DA:133,1
DA:134,2
DA:135,2
DA:136,2
DA:139,1
DA:141,1
DA:142,0
DA:147,1
DA:148,0
DA:149,0
LF:88
LH:83
BRDA:17,0,0,1
BRDA:17,0,1,0
BRDA:32,1,0,1
BRDA:32,1,1,1
BRDA:38,2,0,1
BRDA:38,2,1,1
BRDA:45,3,0,1
BRDA:45,3,1,2
BRDA:52,4,0,1
BRDA:52,4,1,2
BRDA:55,5,0,1
BRDA:55,5,1,1
BRDA:98,6,0,1
BRDA:98,6,1,1
BRDA:147,7,0,0
BRDA:147,7,1,1
BRF:16
BRH:14
end_of_record
